<?xml version="1.0" encoding="UTF-8"?>
<!-- Generated by org.testng.reporters.JUnitReportReporter -->
<testsuite hostname="DESKTOP-V8CVQBD" failures="0" tests="1" name="TestSuites.trutime" time="43.100" errors="0" timestamp="20 Mar 2022 16:18:54 GMT" skipped="0">
  <testcase classname="TestSuites.trutime" name="testCases" time="43.100"/>
</testsuite> <!-- TestSuites.trutime -->
