<?xml version="1.0" encoding="UTF-8"?>
<!-- Generated by org.testng.reporters.JUnitReportReporter -->
<testsuite hostname="LAPTOP-8H5VKPI9" failures="0" tests="1" name="TestSuites.timesheet" time="53.488" errors="0" timestamp="19 Apr 2022 06:22:35 GMT" skipped="0">
  <testcase classname="TestSuites.timesheet" name="testCases" time="53.488"/>
</testsuite> <!-- TestSuites.timesheet -->
