<?xml version="1.0" encoding="UTF-8"?>
<!-- Generated by org.testng.reporters.JUnitReportReporter -->
<testsuite hostname="LAPTOP-8H5VKPI9" failures="0" tests="1" name="com.cts.testSuites.timesheet" time="46.403" errors="0" timestamp="19 Apr 2022 07:10:10 GMT" skipped="0">
  <testcase classname="com.cts.testSuites.timesheet" name="testCases" time="46.403"/>
</testsuite> <!-- com.cts.testSuites.timesheet -->
